<?xml version="1.0" encoding="UTF-8"?>
<testng-results ignored="0" total="6" passed="6" failed="0" skipped="0">
  <reporter-output>
  </reporter-output>
  <suite started-at="2023-09-20T13:12:21 IST" name="Suite" finished-at="2023-09-20T13:12:21 IST" duration-ms="149">
    <groups>
      <group name="smoke">
        <method signature="User.login()[pri:0, instance:eshop.User@223191a6]" name="login" class="eshop.User"/>
        <method signature="Payment.COD()[pri:0, instance:eshop.Payment@557caf28]" name="COD" class="eshop.Payment"/>
        <method signature="Product.addtoWishList()[pri:0, instance:eshop.Product@75d4a5c2]" name="addtoWishList" class="eshop.Product"/>
        <method signature="User.register()[pri:0, instance:eshop.User@7c7a06ec]" name="register" class="eshop.User"/>
      </group> <!-- smoke -->
      <group name="purchase">
        <method signature="Payment.creditCard()[pri:0, instance:eshop.Payment@5b8dfcc1]" name="creditCard" class="eshop.Payment"/>
        <method signature="Product.addToCart()[pri:0, instance:eshop.Product@72967906]" name="addToCart" class="eshop.Product"/>
        <method signature="User.login()[pri:0, instance:eshop.User@223191a6]" name="login" class="eshop.User"/>
      </group> <!-- purchase -->
    </groups>
    <test started-at="2023-09-20T13:12:21 IST" name="Test1" finished-at="2023-09-20T13:12:21 IST" duration-ms="71">
      <class name="eshop.Product">
        <test-method signature="addToCart()[pri:0, instance:eshop.Product@72967906]" started-at="2023-09-20T13:12:21 IST" name="addToCart" finished-at="2023-09-20T13:12:21 IST" duration-ms="1" status="PASS">
          <reporter-output>
          </reporter-output>
        </test-method> <!-- addToCart -->
      </class> <!-- eshop.Product -->
      <class name="eshop.Payment">
        <test-method signature="creditCard()[pri:0, instance:eshop.Payment@5b8dfcc1]" started-at="2023-09-20T13:12:21 IST" name="creditCard" finished-at="2023-09-20T13:12:21 IST" duration-ms="2" status="PASS">
          <reporter-output>
          </reporter-output>
        </test-method> <!-- creditCard -->
      </class> <!-- eshop.Payment -->
      <class name="eshop.User">
        <test-method signature="login()[pri:0, instance:eshop.User@223191a6]" started-at="2023-09-20T13:12:21 IST" name="login" finished-at="2023-09-20T13:12:21 IST" duration-ms="11" status="PASS">
          <reporter-output>
          </reporter-output>
        </test-method> <!-- login -->
      </class> <!-- eshop.User -->
    </test> <!-- Test1 -->
    <test started-at="2023-09-20T13:12:21 IST" name="Test2" finished-at="2023-09-20T13:12:21 IST" duration-ms="14">
      <class name="eshop.Product">
        <test-method signature="addtoWishList()[pri:0, instance:eshop.Product@75d4a5c2]" started-at="2023-09-20T13:12:21 IST" name="addtoWishList" finished-at="2023-09-20T13:12:21 IST" duration-ms="2" status="PASS">
          <reporter-output>
          </reporter-output>
        </test-method> <!-- addtoWishList -->
      </class> <!-- eshop.Product -->
      <class name="eshop.Payment">
        <test-method signature="COD()[pri:0, instance:eshop.Payment@557caf28]" started-at="2023-09-20T13:12:21 IST" name="COD" finished-at="2023-09-20T13:12:21 IST" duration-ms="2" status="PASS">
          <reporter-output>
          </reporter-output>
        </test-method> <!-- COD -->
      </class> <!-- eshop.Payment -->
      <class name="eshop.User">
        <test-method signature="register()[pri:0, instance:eshop.User@7c7a06ec]" started-at="2023-09-20T13:12:21 IST" name="register" finished-at="2023-09-20T13:12:21 IST" duration-ms="2" status="PASS">
          <reporter-output>
          </reporter-output>
        </test-method> <!-- register -->
      </class> <!-- eshop.User -->
    </test> <!-- Test2 -->
  </suite> <!-- Suite -->
</testng-results>
