<?xml version="1.0" encoding="UTF-8"?>
<testng-results ignored="0" total="4" passed="4" failed="0" skipped="0">
  <reporter-output>
  </reporter-output>
  <suite started-at="2023-10-04T15:27:24 IST" name="Default suite" finished-at="2023-10-04T15:27:33 IST" duration-ms="8858">
    <groups>
    </groups>
    <test started-at="2023-10-04T15:27:24 IST" name="Default test" finished-at="2023-10-04T15:27:33 IST" duration-ms="8858">
      <class name="parameters.LoginWithMultipleData">
        <test-method signature="login(java.lang.String,java.lang.String)[pri:0, instance:parameters.LoginWithMultipleData@223191a6]" started-at="2023-10-04T15:27:24 IST" name="login" data-provider="dp" finished-at="2023-10-04T15:27:27 IST" duration-ms="2525" status="PASS">
          <params>
            <param index="0">
              <value>
                <![CDATA[incorrect@gmail.com]]>
              </value>
            </param>
            <param index="1">
              <value>
                <![CDATA[incorrect@123]]>
              </value>
            </param>
          </params>
          <reporter-output>
          </reporter-output>
        </test-method> <!-- login -->
        <test-method signature="login(java.lang.String,java.lang.String)[pri:0, instance:parameters.LoginWithMultipleData@223191a6]" started-at="2023-10-04T15:27:27 IST" name="login" data-provider="dp" finished-at="2023-10-04T15:27:29 IST" duration-ms="1639" status="PASS">
          <params>
            <param index="0">
              <value>
                <![CDATA[incorrect@gmail.com]]>
              </value>
            </param>
            <param index="1">
              <value>
                <![CDATA[correct@123]]>
              </value>
            </param>
          </params>
          <reporter-output>
          </reporter-output>
        </test-method> <!-- login -->
        <test-method signature="login(java.lang.String,java.lang.String)[pri:0, instance:parameters.LoginWithMultipleData@223191a6]" started-at="2023-10-04T15:27:29 IST" name="login" data-provider="dp" finished-at="2023-10-04T15:27:30 IST" duration-ms="1701" status="PASS">
          <params>
            <param index="0">
              <value>
                <![CDATA[correct@gmail.com]]>
              </value>
            </param>
            <param index="1">
              <value>
                <![CDATA[incorrect@123]]>
              </value>
            </param>
          </params>
          <reporter-output>
          </reporter-output>
        </test-method> <!-- login -->
        <test-method signature="login(java.lang.String,java.lang.String)[pri:0, instance:parameters.LoginWithMultipleData@223191a6]" started-at="2023-10-04T15:27:30 IST" name="login" data-provider="dp" finished-at="2023-10-04T15:27:33 IST" duration-ms="2936" status="PASS">
          <params>
            <param index="0">
              <value>
                <![CDATA[correct@gmail.com]]>
              </value>
            </param>
            <param index="1">
              <value>
                <![CDATA[correct@123]]>
              </value>
            </param>
          </params>
          <reporter-output>
          </reporter-output>
        </test-method> <!-- login -->
      </class> <!-- parameters.LoginWithMultipleData -->
    </test> <!-- Default test -->
  </suite> <!-- Default suite -->
</testng-results>
