<?xml version="1.0" encoding="UTF-8"?>
<!-- Generated by org.testng.reporters.JUnitXMLReporter -->
<testsuite ignored="0" hostname="DESKTOP-S4VQME9" failures="0" tests="4" name="Default test" time="8.858" errors="0" timestamp="2023-10-04T15:27:33 IST">
  <testcase classname="parameters.LoginWithMultipleData" name="login" time="2.525"/>
  <testcase classname="parameters.LoginWithMultipleData" name="login" time="1.639"/>
  <testcase classname="parameters.LoginWithMultipleData" name="login" time="1.701"/>
  <testcase classname="parameters.LoginWithMultipleData" name="login" time="2.936"/>
</testsuite> <!-- Default test -->
