<?xml version="1.0" encoding="UTF-8"?>
<!-- Generated by org.testng.reporters.JUnitXMLReporter -->
<testsuite ignored="0" hostname="DESKTOP-S4VQME9" failures="0" tests="4" name="Default test" time="0.058" errors="0" timestamp="2023-09-20T12:59:53 IST">
  <testcase classname="eshop.User" name="login" time="0.01"/>
  <testcase classname="eshop.User" name="logout" time="0.002"/>
  <testcase classname="eshop.User" name="manageProfile" time="0.001"/>
  <testcase classname="eshop.User" name="register" time="0.002"/>
</testsuite> <!-- Default test -->
