<?xml version="1.0" encoding="UTF-8"?>
<!-- Generated by org.testng.reporters.JUnitXMLReporter -->
<testsuite ignored="10" hostname="DESKTOP-S4VQME9" failures="0" tests="3" name="Test1" time="0.071" errors="0" timestamp="2023-09-20T13:12:21 IST">
  <testcase classname="eshop.User" name="login" time="0.011"/>
  <testcase classname="eshop.Product" name="addToCart" time="0.001"/>
  <testcase classname="eshop.Payment" name="creditCard" time="0.002"/>
  <testcase classname="eshop.User" name="manageProfile" time="0.0">
    <ignored/>
  </testcase> <!-- manageProfile -->
  <testcase classname="eshop.Payment" name="UPI" time="0.0">
    <ignored/>
  </testcase> <!-- UPI -->
  <testcase classname="eshop.User" name="logout" time="0.0">
    <ignored/>
  </testcase> <!-- logout -->
  <testcase classname="eshop.Product" name="searchProduct" time="0.0">
    <ignored/>
  </testcase> <!-- searchProduct -->
  <testcase classname="eshop.Payment" name="debitCart" time="0.0">
    <ignored/>
  </testcase> <!-- debitCart -->
  <testcase classname="eshop.Product" name="removeFromVart" time="0.0">
    <ignored/>
  </testcase> <!-- removeFromVart -->
  <testcase classname="eshop.Payment" name="COD" time="0.0">
    <ignored/>
  </testcase> <!-- COD -->
  <testcase classname="eshop.Product" name="addtoWishList" time="0.0">
    <ignored/>
  </testcase> <!-- addtoWishList -->
  <testcase classname="eshop.Product" name="fileteProduct" time="0.0">
    <ignored/>
  </testcase> <!-- fileteProduct -->
  <testcase classname="eshop.User" name="register" time="0.0">
    <ignored/>
  </testcase> <!-- register -->
</testsuite> <!-- Test1 -->
